This is pdfTeX, Version 3.14159265-2.6-1.40.20 (MiKTeX 2.9.7000 64-bit) (preloaded format=pdflatex 2019.3.24)  29 MAR 2019 09:52
entering extended mode
**"C:/Users/filip/Dropbox/PhD/Kurs/FY8904 - numerisk fysikk/Assignment 01/repor
t/report.tex"

("C:/Users/filip/Dropbox/PhD/Kurs/FY8904 - numerisk fysikk/Assignment 01/report
/report.tex"
LaTeX2e <2018-12-01>
("C:\Program Files\MiKTeX 2.9\tex/latex/base\article.cls"
Document Class: article 2018/09/03 v1.4i Standard LaTeX document class
("C:\Program Files\MiKTeX 2.9\tex/latex/base\size10.clo"
File: size10.clo 2018/09/03 v1.4i Standard LaTeX file (size option)
)
\c@part=\count80
\c@section=\count81
\c@subsection=\count82
\c@subsubsection=\count83
\c@paragraph=\count84
\c@subparagraph=\count85
\c@figure=\count86
\c@table=\count87
\abovecaptionskip=\skip41
\belowcaptionskip=\skip42
\bibindent=\dimen102
)
("C:\Program Files\MiKTeX 2.9\tex/latex/amsmath\amsmath.sty"
Package: amsmath 2018/12/01 v2.17b AMS math features
\@mathmargin=\skip43

For additional information on amsmath, use the `?' option.
("C:\Program Files\MiKTeX 2.9\tex/latex/amsmath\amstext.sty"
Package: amstext 2000/06/29 v2.01 AMS text

("C:\Program Files\MiKTeX 2.9\tex/latex/amsmath\amsgen.sty"
File: amsgen.sty 1999/11/30 v2.0 generic functions
\@emptytoks=\toks14
\ex@=\dimen103
))
("C:\Program Files\MiKTeX 2.9\tex/latex/amsmath\amsbsy.sty"
Package: amsbsy 1999/11/29 v1.2d Bold Symbols
\pmbraise@=\dimen104
)
("C:\Program Files\MiKTeX 2.9\tex/latex/amsmath\amsopn.sty"
Package: amsopn 2016/03/08 v2.02 operator names
)
\inf@bad=\count88
LaTeX Info: Redefining \frac on input line 223.
\uproot@=\count89
\leftroot@=\count90
LaTeX Info: Redefining \overline on input line 385.
\classnum@=\count91
\DOTSCASE@=\count92
LaTeX Info: Redefining \ldots on input line 482.
LaTeX Info: Redefining \dots on input line 485.
LaTeX Info: Redefining \cdots on input line 606.
\Mathstrutbox@=\box27
\strutbox@=\box28
\big@size=\dimen105
LaTeX Font Info:    Redeclaring font encoding OML on input line 729.
LaTeX Font Info:    Redeclaring font encoding OMS on input line 730.
\macc@depth=\count93
\c@MaxMatrixCols=\count94
\dotsspace@=\muskip10
\c@parentequation=\count95
\dspbrk@lvl=\count96
\tag@help=\toks15
\row@=\count97
\column@=\count98
\maxfields@=\count99
\andhelp@=\toks16
\eqnshift@=\dimen106
\alignsep@=\dimen107
\tagshift@=\dimen108
\tagwidth@=\dimen109
\totwidth@=\dimen110
\lineht@=\dimen111
\@envbody=\toks17
\multlinegap=\skip44
\multlinetaggap=\skip45
\mathdisplay@stack=\toks18
LaTeX Info: Redefining \[ on input line 2844.
LaTeX Info: Redefining \] on input line 2845.
)
("C:\Program Files\MiKTeX 2.9\tex/latex/enumitem\enumitem.sty"
Package: enumitem 2019/02/04 v3.8 Customized lists
\enitkv@toks@=\toks19
\labelindent=\skip46
\enit@outerparindent=\dimen112
\enit@toks=\toks20
\enit@inbox=\box29
\enit@count@id=\count100
\enitdp@description=\count101
) (commath2.sty)
(commath2-additions.sty)
("C:\Program Files\MiKTeX 2.9\tex/latex/parskip\parskip.sty"
Package: parskip 2019-01-16 v2.0c non-zero parskip adjustments

("C:\Program Files\MiKTeX 2.9\tex/latex/oberdiek\kvoptions.sty"
Package: kvoptions 2016/05/16 v3.12 Key value format for package options (HO)

("C:\Program Files\MiKTeX 2.9\tex/latex/graphics\keyval.sty"
Package: keyval 2014/10/28 v1.15 key=value parser (DPC)
\KV@toks@=\toks21
)
("C:\Program Files\MiKTeX 2.9\tex/generic/oberdiek\ltxcmds.sty"
Package: ltxcmds 2016/05/16 v1.23 LaTeX kernel commands for general use (HO)
)
("C:\Program Files\MiKTeX 2.9\tex/generic/oberdiek\kvsetkeys.sty"
Package: kvsetkeys 2016/05/16 v1.17 Key value parser (HO)

("C:\Program Files\MiKTeX 2.9\tex/generic/oberdiek\infwarerr.sty"
Package: infwarerr 2016/05/16 v1.4 Providing info/warning/error messages (HO)
)
("C:\Program Files\MiKTeX 2.9\tex/generic/oberdiek\etexcmds.sty"
Package: etexcmds 2016/05/16 v1.6 Avoid name clashes with e-TeX commands (HO)

("C:\Program Files\MiKTeX 2.9\tex/generic/oberdiek\ifluatex.sty"
Package: ifluatex 2016/05/16 v1.4 Provides the ifluatex switch (HO)
Package ifluatex Info: LuaTeX not detected.
))))
("C:\Program Files\MiKTeX 2.9\tex/latex/etoolbox\etoolbox.sty"
Package: etoolbox 2018/08/19 v2.5f e-TeX tools for LaTeX (JAW)
\etb@tempcnta=\count102
))
("C:\Program Files\MiKTeX 2.9\tex/latex/placeins\placeins.sty"
Package: placeins 2005/04/18  v 2.2
)
("C:\Program Files\MiKTeX 2.9\tex/latex/hyperref\hyperref.sty"
Package: hyperref 2018/11/30 v6.88e Hypertext links for LaTeX

("C:\Program Files\MiKTeX 2.9\tex/generic/oberdiek\hobsub-hyperref.sty"
Package: hobsub-hyperref 2016/05/16 v1.14 Bundle oberdiek, subset hyperref (HO)


("C:\Program Files\MiKTeX 2.9\tex/generic/oberdiek\hobsub-generic.sty"
Package: hobsub-generic 2016/05/16 v1.14 Bundle oberdiek, subset generic (HO)
Package: hobsub 2016/05/16 v1.14 Construct package bundles (HO)
Package hobsub Info: Skipping package `infwarerr' (already loaded).
Package hobsub Info: Skipping package `ltxcmds' (already loaded).
Package hobsub Info: Skipping package `ifluatex' (already loaded).
Package: ifvtex 2016/05/16 v1.6 Detect VTeX and its facilities (HO)
Package ifvtex Info: VTeX not detected.
Package: intcalc 2016/05/16 v1.2 Expandable calculations with integers (HO)
Package: ifpdf 2018/09/07 v3.3 Provides the ifpdf switch
Package hobsub Info: Skipping package `etexcmds' (already loaded).
Package hobsub Info: Skipping package `kvsetkeys' (already loaded).
Package: kvdefinekeys 2016/05/16 v1.4 Define keys (HO)
Package: pdftexcmds 2018/09/10 v0.29 Utility functions of pdfTeX for LuaTeX (HO
)
Package pdftexcmds Info: LuaTeX not detected.
Package pdftexcmds Info: \pdf@primitive is available.
Package pdftexcmds Info: \pdf@ifprimitive is available.
Package pdftexcmds Info: \pdfdraftmode found.
Package: pdfescape 2016/05/16 v1.14 Implements pdfTeX's escape features (HO)
Package: bigintcalc 2016/05/16 v1.4 Expandable calculations on big integers (HO
)
Package: bitset 2016/05/16 v1.2 Handle bit-vector datatype (HO)
Package: uniquecounter 2016/05/16 v1.3 Provide unlimited unique counter (HO)
)
Package hobsub Info: Skipping package `hobsub' (already loaded).
Package: letltxmacro 2016/05/16 v1.5 Let assignment for LaTeX macros (HO)
Package: hopatch 2016/05/16 v1.3 Wrapper for package hooks (HO)
Package: xcolor-patch 2016/05/16 xcolor patch
Package: atveryend 2016/05/16 v1.9 Hooks at the very end of document (HO)
Package: atbegshi 2016/06/09 v1.18 At begin shipout hook (HO)
Package: refcount 2016/05/16 v3.5 Data extraction from label references (HO)
Package: hycolor 2016/05/16 v1.8 Color options for hyperref/bookmark (HO)
)
("C:\Program Files\MiKTeX 2.9\tex/generic/ifxetex\ifxetex.sty"
Package: ifxetex 2010/09/12 v0.6 Provides ifxetex conditional
)
("C:\Program Files\MiKTeX 2.9\tex/latex/oberdiek\auxhook.sty"
Package: auxhook 2016/05/16 v1.4 Hooks for auxiliary files (HO)
)
\@linkdim=\dimen113
\Hy@linkcounter=\count103
\Hy@pagecounter=\count104

("C:\Program Files\MiKTeX 2.9\tex/latex/hyperref\pd1enc.def"
File: pd1enc.def 2018/11/30 v6.88e Hyperref: PDFDocEncoding definition (HO)
Now handling font encoding PD1 ...
... no UTF-8 mapping file for font encoding PD1
)
\Hy@SavedSpaceFactor=\count105

("C:\Program Files\MiKTeX 2.9\tex/latex/00miktex\hyperref.cfg"
File: hyperref.cfg 2002/06/06 v1.2 hyperref configuration of TeXLive
)
Package hyperref Info: Hyper figures OFF on input line 4519.
Package hyperref Info: Link nesting OFF on input line 4524.
Package hyperref Info: Hyper index ON on input line 4527.
Package hyperref Info: Plain pages OFF on input line 4534.
Package hyperref Info: Backreferencing OFF on input line 4539.
Package hyperref Info: Implicit mode ON; LaTeX internals redefined.
Package hyperref Info: Bookmarks ON on input line 4772.
\c@Hy@tempcnt=\count106

("C:\Program Files\MiKTeX 2.9\tex/latex/url\url.sty"
\Urlmuskip=\muskip11
Package: url 2013/09/16  ver 3.4  Verb mode for urls, etc.
)
LaTeX Info: Redefining \url on input line 5125.
\XeTeXLinkMargin=\dimen114
\Fld@menulength=\count107
\Field@Width=\dimen115
\Fld@charsize=\dimen116
Package hyperref Info: Hyper figures OFF on input line 6380.
Package hyperref Info: Link nesting OFF on input line 6385.
Package hyperref Info: Hyper index ON on input line 6388.
Package hyperref Info: backreferencing OFF on input line 6395.
Package hyperref Info: Link coloring OFF on input line 6400.
Package hyperref Info: Link coloring with OCG OFF on input line 6405.
Package hyperref Info: PDF/A mode OFF on input line 6410.
LaTeX Info: Redefining \ref on input line 6450.
LaTeX Info: Redefining \pageref on input line 6454.
\Hy@abspage=\count108
\c@Item=\count109
\c@Hfootnote=\count110
)
Package hyperref Info: Driver (autodetected): hpdftex.

("C:\Program Files\MiKTeX 2.9\tex/latex/hyperref\hpdftex.def"
File: hpdftex.def 2018/11/30 v6.88e Hyperref driver for pdfTeX
\Fld@listcount=\count111
\c@bookmark@seq@number=\count112

("C:\Program Files\MiKTeX 2.9\tex/latex/oberdiek\rerunfilecheck.sty"
Package: rerunfilecheck 2016/05/16 v1.8 Rerun checks for auxiliary files (HO)
Package uniquecounter Info: New unique counter `rerunfilecheck' on input line 2
82.
)
\Hy@SectionHShift=\skip47
)
("C:\Program Files\MiKTeX 2.9\tex/latex/minted\minted.sty"
Package: minted 2017/07/19 v2.5 Yet another Pygments shim for LaTeX

("C:\Program Files\MiKTeX 2.9\tex/latex/fvextra\fvextra.sty"
Package: fvextra 2019/02/04 v1.4 fvextra - extensions and patches for fancyvrb

("C:\Program Files\MiKTeX 2.9\tex/latex/base\ifthen.sty"
Package: ifthen 2014/09/29 v1.1c Standard LaTeX ifthen package (DPC)
)
("C:\Program Files\MiKTeX 2.9\tex/latex/fancyvrb\fancyvrb.sty"
Package: fancyvrb 2019/01/15

Style option: `fancyvrb' v3.2a <2019/01/15> (tvz)
\FV@CodeLineNo=\count113
\FV@InFile=\read1
\FV@TabBox=\box30
\c@FancyVerbLine=\count114
\FV@StepNumber=\count115
\FV@OutFile=\write3
)
("C:\Program Files\MiKTeX 2.9\tex/latex/upquote\upquote.sty"
Package: upquote 2012/04/19 v1.3 upright-quote and grave-accent glyphs in verba
tim
)
("C:\Program Files\MiKTeX 2.9\tex/latex/lineno\lineno.sty"
Package: lineno 2005/11/02 line numbers on paragraphs v4.41
\linenopenalty=\count116
\output=\toks22
\linenoprevgraf=\count117
\linenumbersep=\dimen117
\linenumberwidth=\dimen118
\c@linenumber=\count118
\c@pagewiselinenumber=\count119
\c@LN@truepage=\count120
\c@internallinenumber=\count121
\c@internallinenumbers=\count122
\quotelinenumbersep=\dimen119
\bframerule=\dimen120
\bframesep=\dimen121
\bframebox=\box31
LaTeX Info: Redefining \\ on input line 3056.
)
\c@FV@TrueTabGroupLevel=\count123
\c@FV@TrueTabCounter=\count124
\FV@TabBox@Group=\box32
\FV@TmpLength=\skip48
\c@FV@HighlightLinesStart=\count125
\c@FV@HighlightLinesStop=\count126
\FV@LoopCount=\count127
\FV@NCharsBox=\box33
\FV@BreakIndent=\dimen122
\FV@BreakIndentNChars=\count128
\FV@BreakSymbolSepLeft=\dimen123
\FV@BreakSymbolSepLeftNChars=\count129
\FV@BreakSymbolSepRight=\dimen124
\FV@BreakSymbolSepRightNChars=\count130
\FV@BreakSymbolIndentLeft=\dimen125
\FV@BreakSymbolIndentLeftNChars=\count131
\FV@BreakSymbolIndentRight=\dimen126
\FV@BreakSymbolIndentRightNChars=\count132
\c@FancyVerbLineBreakLast=\count133
\FV@LineBox=\box34
\FV@LineIndentBox=\box35
\FV@LineWidth=\dimen127
)
("C:\Program Files\MiKTeX 2.9\tex/latex/tools\calc.sty"
Package: calc 2017/05/25 v4.3 Infix arithmetic (KKT,FJ)
\calc@Acount=\count134
\calc@Bcount=\count135
\calc@Adimen=\dimen128
\calc@Bdimen=\dimen129
\calc@Askip=\skip49
\calc@Bskip=\skip50
LaTeX Info: Redefining \setlength on input line 80.
LaTeX Info: Redefining \addtolength on input line 81.
\calc@Ccount=\count136
\calc@Cskip=\skip51
)
("C:\Program Files\MiKTeX 2.9\tex/latex/tools\shellesc.sty"
Package: shellesc 2016/06/07 v0.02a unified shell escape interface for LaTeX
Package shellesc Info: Unrestricted shell escape enabled on input line 67.
)
("C:\Program Files\MiKTeX 2.9\tex/latex/ifplatform\ifplatform.sty"
Package: ifplatform 2017/10/13 v0.4a Testing for the operating system

("C:\Program Files\MiKTeX 2.9\tex/generic/oberdiek\catchfile.sty"
Package: catchfile 2016/05/16 v1.7 Catch the contents of a file (HO)
))
("C:\Program Files\MiKTeX 2.9\tex/latex/xstring\xstring.sty"
("C:\Program Files\MiKTeX 2.9\tex/generic/xstring\xstring.tex"
\integerpart=\count137
\decimalpart=\count138
)
Package: xstring 2019/02/06 v1.83 String manipulations (CT)
)
("C:\Program Files\MiKTeX 2.9\tex/latex/framed\framed.sty"
Package: framed 2011/10/22 v 0.96: framed or shaded text with page breaks
\OuterFrameSep=\skip52
\fb@frw=\dimen130
\fb@frh=\dimen131
\FrameRule=\dimen132
\FrameSep=\dimen133
)
("C:\Program Files\MiKTeX 2.9\tex/latex/caption\newfloat.sty"
Package: newfloat 2018/03/04 v1.1a Defining new floating environments (AR)
)
\minted@appexistsfile=\read2
\minted@bgbox=\box36
\minted@code=\write4
\c@minted@FancyVerbLineTemp=\count139
\c@minted@pygmentizecounter=\count140
Package newfloat Info: New float `listing' with options `fileext=lol,placement=
tbp' on input line 1151.
\c@listing=\count141
\newfloat@ftype=\count142
Package newfloat Info: float type `listing'=8 on input line 1151.
)
runsystem(if not exist _minted-report mkdir _minted-report)...executed.


("C:\Program Files\MiKTeX 2.9\tex/latex/xcolor\xcolor.sty"
Package: xcolor 2016/05/11 v2.12 LaTeX color extensions (UK)

("C:\Program Files\MiKTeX 2.9\tex/latex/graphics-cfg\color.cfg"
File: color.cfg 2016/01/02 v1.6 sample color configuration
)
Package xcolor Info: Driver file: pdftex.def on input line 225.

("C:\Program Files\MiKTeX 2.9\tex/latex/graphics-def\pdftex.def"
File: pdftex.def 2018/01/08 v1.0l Graphics/color driver for pdftex
)
Package xcolor Info: Model `cmy' substituted by `cmy0' on input line 1348.
Package xcolor Info: Model `hsb' substituted by `rgb' on input line 1352.
Package xcolor Info: Model `RGB' extended on input line 1364.
Package xcolor Info: Model `HTML' substituted by `rgb' on input line 1366.
Package xcolor Info: Model `Hsb' substituted by `hsb' on input line 1367.
Package xcolor Info: Model `tHsb' substituted by `hsb' on input line 1368.
Package xcolor Info: Model `HSB' substituted by `hsb' on input line 1369.
Package xcolor Info: Model `Gray' substituted by `gray' on input line 1370.
Package xcolor Info: Model `wave' substituted by `hsb' on input line 1371.
)
("C:\Program Files\MiKTeX 2.9\tex/latex/cleveref\cleveref.sty"
Package: cleveref 2018/03/27 v0.21.4 Intelligent cross-referencing
Package cleveref Info: `hyperref' support loaded on input line 2370.
LaTeX Info: Redefining \cref on input line 2370.
LaTeX Info: Redefining \Cref on input line 2370.
LaTeX Info: Redefining \crefrange on input line 2370.
LaTeX Info: Redefining \Crefrange on input line 2370.
LaTeX Info: Redefining \cpageref on input line 2370.
LaTeX Info: Redefining \Cpageref on input line 2370.
LaTeX Info: Redefining \cpagerefrange on input line 2370.
LaTeX Info: Redefining \Cpagerefrange on input line 2370.
LaTeX Info: Redefining \labelcref on input line 2370.
LaTeX Info: Redefining \labelcpageref on input line 2370.
Package cleveref Info: always capitalise cross-reference names on input line 78
25.
Package cleveref Info: always capitalise cross-reference names on input line 78
52.
)
("C:\Program Files\MiKTeX 2.9\tex/latex/graphics\graphicx.sty"
Package: graphicx 2017/06/01 v1.1a Enhanced LaTeX Graphics (DPC,SPQR)

("C:\Program Files\MiKTeX 2.9\tex/latex/graphics\graphics.sty"
Package: graphics 2017/06/25 v1.2c Standard LaTeX Graphics (DPC,SPQR)

("C:\Program Files\MiKTeX 2.9\tex/latex/graphics\trig.sty"
Package: trig 2016/01/03 v1.10 sin cos tan (DPC)
)
("C:\Program Files\MiKTeX 2.9\tex/latex/graphics-cfg\graphics.cfg"
File: graphics.cfg 2016/06/04 v1.11 sample graphics configuration
)
Package graphics Info: Driver file: pdftex.def on input line 99.
)
\Gin@req@height=\dimen134
\Gin@req@width=\dimen135
)
("C:\Program Files\MiKTeX 2.9\tex/latex/caption\subcaption.sty"
Package: subcaption 2018/05/01 v1.1-162 Sub-captions (AR)

("C:\Program Files\MiKTeX 2.9\tex/latex/caption\caption.sty"
Package: caption 2018/10/06 v3.3-154 Customizing captions (AR)

("C:\Program Files\MiKTeX 2.9\tex/latex/caption\caption3.sty"
Package: caption3 2018/09/12 v1.8c caption3 kernel (AR)
Package caption3 Info: TeX engine: e-TeX on input line 64.
\captionmargin=\dimen136
\captionmargin@=\dimen137
\captionwidth=\dimen138
\caption@tempdima=\dimen139
\caption@indent=\dimen140
\caption@parindent=\dimen141
\caption@hangindent=\dimen142
)
\c@caption@flags=\count143
\c@ContinuedFloat=\count144
Package caption Info: hyperref package is loaded.
)
\c@subfigure=\count145
\c@subtable=\count146
\c@sublisting=\count147
)
("C:\Program Files\MiKTeX 2.9\tex/latex/todonotes\todonotes.sty"
Package: todonotes 2019/01/24 v1.1.2 Todonotes source and documentation.
Package: todonotes 2018/11/22

("C:\Program Files\MiKTeX 2.9\tex/latex/xkeyval\xkeyval.sty"
Package: xkeyval 2014/12/03 v2.7a package option processing (HA)

("C:\Program Files\MiKTeX 2.9\tex/generic/xkeyval\xkeyval.tex"
("C:\Program Files\MiKTeX 2.9\tex/generic/xkeyval\xkvutils.tex"
\XKV@toks=\toks23
\XKV@tempa@toks=\toks24
)
\XKV@depth=\count148
File: xkeyval.tex 2014/12/03 v2.7a key=value parser (HA)
))
("C:\Program Files\MiKTeX 2.9\tex/latex/pgf/frontendlayer\tikz.sty"
("C:\Program Files\MiKTeX 2.9\tex/latex/pgf/basiclayer\pgf.sty"
("C:\Program Files\MiKTeX 2.9\tex/latex/pgf/utilities\pgfrcs.sty"
("C:\Program Files\MiKTeX 2.9\tex/generic/pgf/utilities\pgfutil-common.tex"
\pgfutil@everybye=\toks25
\pgfutil@tempdima=\dimen143
\pgfutil@tempdimb=\dimen144

("C:\Program Files\MiKTeX 2.9\tex/generic/pgf/utilities\pgfutil-common-lists.te
x")) ("C:\Program Files\MiKTeX 2.9\tex/generic/pgf/utilities\pgfutil-latex.def"
\pgfutil@abb=\box37
("C:\Program Files\MiKTeX 2.9\tex/latex/ms\everyshi.sty"
Package: everyshi 2001/05/15 v3.00 EveryShipout Package (MS)
))
("C:\Program Files\MiKTeX 2.9\tex/generic/pgf/utilities\pgfrcs.code.tex"
("C:\Program Files\MiKTeX 2.9\tex/generic/pgf\pgf.revision.tex")
Package: pgfrcs 2019/02/02 v3.1.1 (3.1.1)
))
Package: pgf 2019/02/02 v3.1.1 (3.1.1)

("C:\Program Files\MiKTeX 2.9\tex/latex/pgf/basiclayer\pgfcore.sty"
("C:\Program Files\MiKTeX 2.9\tex/latex/pgf/systemlayer\pgfsys.sty"
("C:\Program Files\MiKTeX 2.9\tex/generic/pgf/systemlayer\pgfsys.code.tex"
Package: pgfsys 2019/02/02 v3.1.1 (3.1.1)

("C:\Program Files\MiKTeX 2.9\tex/generic/pgf/utilities\pgfkeys.code.tex"
\pgfkeys@pathtoks=\toks26
\pgfkeys@temptoks=\toks27

("C:\Program Files\MiKTeX 2.9\tex/generic/pgf/utilities\pgfkeysfiltered.code.te
x"
\pgfkeys@tmptoks=\toks28
))
\pgf@x=\dimen145
\pgf@y=\dimen146
\pgf@xa=\dimen147
\pgf@ya=\dimen148
\pgf@xb=\dimen149
\pgf@yb=\dimen150
\pgf@xc=\dimen151
\pgf@yc=\dimen152
\w@pgf@writea=\write5
\r@pgf@reada=\read3
\c@pgf@counta=\count149
\c@pgf@countb=\count150
\c@pgf@countc=\count151
\c@pgf@countd=\count152
\t@pgf@toka=\toks29
\t@pgf@tokb=\toks30
\t@pgf@tokc=\toks31
\pgf@sys@id@count=\count153
 ("C:\Program Files\MiKTeX 2.9\tex/generic/pgf/systemlayer\pgf.cfg"
File: pgf.cfg 2019/02/02 v3.1.1 (3.1.1)
)
Driver file for pgf: pgfsys-pdftex.def

("C:\Program Files\MiKTeX 2.9\tex/generic/pgf/systemlayer\pgfsys-pdftex.def"
File: pgfsys-pdftex.def 2019/02/02 v3.1.1 (3.1.1)

("C:\Program Files\MiKTeX 2.9\tex/generic/pgf/systemlayer\pgfsys-common-pdf.def
"
File: pgfsys-common-pdf.def 2019/02/02 v3.1.1 (3.1.1)
)))
("C:\Program Files\MiKTeX 2.9\tex/generic/pgf/systemlayer\pgfsyssoftpath.code.t
ex"
File: pgfsyssoftpath.code.tex 2019/02/02 v3.1.1 (3.1.1)
\pgfsyssoftpath@smallbuffer@items=\count154
\pgfsyssoftpath@bigbuffer@items=\count155
)
("C:\Program Files\MiKTeX 2.9\tex/generic/pgf/systemlayer\pgfsysprotocol.code.t
ex"
File: pgfsysprotocol.code.tex 2019/02/02 v3.1.1 (3.1.1)
)) ("C:\Program Files\MiKTeX 2.9\tex/generic/pgf/basiclayer\pgfcore.code.tex"
Package: pgfcore 2019/02/02 v3.1.1 (3.1.1)
 ("C:\Program Files\MiKTeX 2.9\tex/generic/pgf/math\pgfmath.code.tex"
("C:\Program Files\MiKTeX 2.9\tex/generic/pgf/math\pgfmathcalc.code.tex"
("C:\Program Files\MiKTeX 2.9\tex/generic/pgf/math\pgfmathutil.code.tex")
("C:\Program Files\MiKTeX 2.9\tex/generic/pgf/math\pgfmathparser.code.tex"
\pgfmath@dimen=\dimen153
\pgfmath@count=\count156
\pgfmath@box=\box38
\pgfmath@toks=\toks32
\pgfmath@stack@operand=\toks33
\pgfmath@stack@operation=\toks34
)
("C:\Program Files\MiKTeX 2.9\tex/generic/pgf/math\pgfmathfunctions.code.tex"
("C:\Program Files\MiKTeX 2.9\tex/generic/pgf/math\pgfmathfunctions.basic.code.
tex")
("C:\Program Files\MiKTeX 2.9\tex/generic/pgf/math\pgfmathfunctions.trigonometr
ic.code.tex")
("C:\Program Files\MiKTeX 2.9\tex/generic/pgf/math\pgfmathfunctions.random.code
.tex")
("C:\Program Files\MiKTeX 2.9\tex/generic/pgf/math\pgfmathfunctions.comparison.
code.tex")
("C:\Program Files\MiKTeX 2.9\tex/generic/pgf/math\pgfmathfunctions.base.code.t
ex")
("C:\Program Files\MiKTeX 2.9\tex/generic/pgf/math\pgfmathfunctions.round.code.
tex")
("C:\Program Files\MiKTeX 2.9\tex/generic/pgf/math\pgfmathfunctions.misc.code.t
ex")
("C:\Program Files\MiKTeX 2.9\tex/generic/pgf/math\pgfmathfunctions.integerarit
hmetics.code.tex")))
("C:\Program Files\MiKTeX 2.9\tex/generic/pgf/math\pgfmathfloat.code.tex"
\c@pgfmathroundto@lastzeros=\count157
))
("C:\Program Files\MiKTeX 2.9\tex/generic/pgf/basiclayer\pgfcorepoints.code.tex
"
File: pgfcorepoints.code.tex 2019/02/02 v3.1.1 (3.1.1)
\pgf@picminx=\dimen154
\pgf@picmaxx=\dimen155
\pgf@picminy=\dimen156
\pgf@picmaxy=\dimen157
\pgf@pathminx=\dimen158
\pgf@pathmaxx=\dimen159
\pgf@pathminy=\dimen160
\pgf@pathmaxy=\dimen161
\pgf@xx=\dimen162
\pgf@xy=\dimen163
\pgf@yx=\dimen164
\pgf@yy=\dimen165
\pgf@zx=\dimen166
\pgf@zy=\dimen167
)
("C:\Program Files\MiKTeX 2.9\tex/generic/pgf/basiclayer\pgfcorepathconstruct.c
ode.tex"
File: pgfcorepathconstruct.code.tex 2019/02/02 v3.1.1 (3.1.1)
\pgf@path@lastx=\dimen168
\pgf@path@lasty=\dimen169
)
("C:\Program Files\MiKTeX 2.9\tex/generic/pgf/basiclayer\pgfcorepathusage.code.
tex"
File: pgfcorepathusage.code.tex 2019/02/02 v3.1.1 (3.1.1)
\pgf@shorten@end@additional=\dimen170
\pgf@shorten@start@additional=\dimen171
)
("C:\Program Files\MiKTeX 2.9\tex/generic/pgf/basiclayer\pgfcorescopes.code.tex
"
File: pgfcorescopes.code.tex 2019/02/02 v3.1.1 (3.1.1)
\pgfpic=\box39
\pgf@hbox=\box40
\pgf@layerbox@main=\box41
\pgf@picture@serial@count=\count158
)
("C:\Program Files\MiKTeX 2.9\tex/generic/pgf/basiclayer\pgfcoregraphicstate.co
de.tex"
File: pgfcoregraphicstate.code.tex 2019/02/02 v3.1.1 (3.1.1)
\pgflinewidth=\dimen172
)
("C:\Program Files\MiKTeX 2.9\tex/generic/pgf/basiclayer\pgfcoretransformations
.code.tex"
File: pgfcoretransformations.code.tex 2019/02/02 v3.1.1 (3.1.1)
\pgf@pt@x=\dimen173
\pgf@pt@y=\dimen174
\pgf@pt@temp=\dimen175
)
("C:\Program Files\MiKTeX 2.9\tex/generic/pgf/basiclayer\pgfcorequick.code.tex"
File: pgfcorequick.code.tex 2019/02/02 v3.1.1 (3.1.1)
)
("C:\Program Files\MiKTeX 2.9\tex/generic/pgf/basiclayer\pgfcoreobjects.code.te
x"
File: pgfcoreobjects.code.tex 2019/02/02 v3.1.1 (3.1.1)
)
("C:\Program Files\MiKTeX 2.9\tex/generic/pgf/basiclayer\pgfcorepathprocessing.
code.tex"
File: pgfcorepathprocessing.code.tex 2019/02/02 v3.1.1 (3.1.1)
)
("C:\Program Files\MiKTeX 2.9\tex/generic/pgf/basiclayer\pgfcorearrows.code.tex
"
File: pgfcorearrows.code.tex 2019/02/02 v3.1.1 (3.1.1)
\pgfarrowsep=\dimen176
)
("C:\Program Files\MiKTeX 2.9\tex/generic/pgf/basiclayer\pgfcoreshade.code.tex"
File: pgfcoreshade.code.tex 2019/02/02 v3.1.1 (3.1.1)
\pgf@max=\dimen177
\pgf@sys@shading@range@num=\count159
) ("C:\Program Files\MiKTeX 2.9\tex/generic/pgf/basiclayer\pgfcoreimage.code.te
x"
File: pgfcoreimage.code.tex 2019/02/02 v3.1.1 (3.1.1)

("C:\Program Files\MiKTeX 2.9\tex/generic/pgf/basiclayer\pgfcoreexternal.code.t
ex"
File: pgfcoreexternal.code.tex 2019/02/02 v3.1.1 (3.1.1)
\pgfexternal@startupbox=\box42
))
("C:\Program Files\MiKTeX 2.9\tex/generic/pgf/basiclayer\pgfcorelayers.code.tex
"
File: pgfcorelayers.code.tex 2019/02/02 v3.1.1 (3.1.1)
)
("C:\Program Files\MiKTeX 2.9\tex/generic/pgf/basiclayer\pgfcoretransparency.co
de.tex"
File: pgfcoretransparency.code.tex 2019/02/02 v3.1.1 (3.1.1)
)
("C:\Program Files\MiKTeX 2.9\tex/generic/pgf/basiclayer\pgfcorepatterns.code.t
ex"
File: pgfcorepatterns.code.tex 2019/02/02 v3.1.1 (3.1.1)
)
("C:\Program Files\MiKTeX 2.9\tex/generic/pgf/basiclayer\pgfcorerdf.code.tex"
File: pgfcorerdf.code.tex 2019/02/02 v3.1.1 (3.1.1)
))) ("C:\Program Files\MiKTeX 2.9\tex/generic/pgf/modules\pgfmoduleshapes.code.
tex"
File: pgfmoduleshapes.code.tex 2019/02/02 v3.1.1 (3.1.1)
\pgfnodeparttextbox=\box43
) ("C:\Program Files\MiKTeX 2.9\tex/generic/pgf/modules\pgfmoduleplot.code.tex"
File: pgfmoduleplot.code.tex 2019/02/02 v3.1.1 (3.1.1)
)
("C:\Program Files\MiKTeX 2.9\tex/latex/pgf/compatibility\pgfcomp-version-0-65.
sty"
Package: pgfcomp-version-0-65 2019/02/02 v3.1.1 (3.1.1)
\pgf@nodesepstart=\dimen178
\pgf@nodesepend=\dimen179
)
("C:\Program Files\MiKTeX 2.9\tex/latex/pgf/compatibility\pgfcomp-version-1-18.
sty"
Package: pgfcomp-version-1-18 2019/02/02 v3.1.1 (3.1.1)
)) ("C:\Program Files\MiKTeX 2.9\tex/latex/pgf/utilities\pgffor.sty"
("C:\Program Files\MiKTeX 2.9\tex/latex/pgf/utilities\pgfkeys.sty"
("C:\Program Files\MiKTeX 2.9\tex/generic/pgf/utilities\pgfkeys.code.tex"))
("C:\Program Files\MiKTeX 2.9\tex/latex/pgf/math\pgfmath.sty"
("C:\Program Files\MiKTeX 2.9\tex/generic/pgf/math\pgfmath.code.tex"))
("C:\Program Files\MiKTeX 2.9\tex/generic/pgf/utilities\pgffor.code.tex"
Package: pgffor 2019/02/02 v3.1.1 (3.1.1)

("C:\Program Files\MiKTeX 2.9\tex/generic/pgf/math\pgfmath.code.tex")
\pgffor@iter=\dimen180
\pgffor@skip=\dimen181
\pgffor@stack=\toks35
\pgffor@toks=\toks36
))
("C:\Program Files\MiKTeX 2.9\tex/generic/pgf/frontendlayer/tikz\tikz.code.tex"
Package: tikz 2019/02/02 v3.1.1 (3.1.1)

("C:\Program Files\MiKTeX 2.9\tex/generic/pgf/libraries\pgflibraryplothandlers.
code.tex"
File: pgflibraryplothandlers.code.tex 2019/02/02 v3.1.1 (3.1.1)
\pgf@plot@mark@count=\count160
\pgfplotmarksize=\dimen182
)
\tikz@lastx=\dimen183
\tikz@lasty=\dimen184
\tikz@lastxsaved=\dimen185
\tikz@lastysaved=\dimen186
\tikzleveldistance=\dimen187
\tikzsiblingdistance=\dimen188
\tikz@figbox=\box44
\tikz@figbox@bg=\box45
\tikz@tempbox=\box46
\tikz@tempbox@bg=\box47
\tikztreelevel=\count161
\tikznumberofchildren=\count162
\tikznumberofcurrentchild=\count163
\tikz@fig@count=\count164

("C:\Program Files\MiKTeX 2.9\tex/generic/pgf/modules\pgfmodulematrix.code.tex"
File: pgfmodulematrix.code.tex 2019/02/02 v3.1.1 (3.1.1)
\pgfmatrixcurrentrow=\count165
\pgfmatrixcurrentcolumn=\count166
\pgf@matrix@numberofcolumns=\count167
)
\tikz@expandcount=\count168

("C:\Program Files\MiKTeX 2.9\tex/generic/pgf/frontendlayer/tikz/libraries\tikz
librarytopaths.code.tex"
File: tikzlibrarytopaths.code.tex 2019/02/02 v3.1.1 (3.1.1)
)))
("C:\Program Files\MiKTeX 2.9\tex/generic/pgf/frontendlayer/tikz/libraries\tikz
librarypositioning.code.tex"
File: tikzlibrarypositioning.code.tex 2019/02/02 v3.1.1 (3.1.1)
)
("C:\Program Files\MiKTeX 2.9\tex/generic/pgf/frontendlayer/tikz/libraries\tikz
libraryshadows.code.tex"
File: tikzlibraryshadows.code.tex 2019/02/02 v3.1.1 (3.1.1)

("C:\Program Files\MiKTeX 2.9\tex/generic/pgf/frontendlayer/tikz/libraries\tikz
libraryfadings.code.tex"
File: tikzlibraryfadings.code.tex 2019/02/02 v3.1.1 (3.1.1)

("C:\Program Files\MiKTeX 2.9\tex/generic/pgf/libraries\pgflibraryfadings.code.
tex"
File: pgflibraryfadings.code.tex 2019/02/02 v3.1.1 (3.1.1)
)))
\c@@todonotes@numberoftodonotes=\count169
)
runsystem(for ^%i in (pygmentize.exe pygmentize.bat pygmentize.cmd) do set > re
port.aex <nul: /p x=^%~$PATH:i>> report.aex)...executed.

runsystem(del report.aex)...executed.

 (report.aux)
\openout1 = `report.aux'.

LaTeX Font Info:    Checking defaults for OML/cmm/m/it on input line 62.
LaTeX Font Info:    ... okay on input line 62.
LaTeX Font Info:    Checking defaults for T1/cmr/m/n on input line 62.
LaTeX Font Info:    ... okay on input line 62.
LaTeX Font Info:    Checking defaults for OT1/cmr/m/n on input line 62.
LaTeX Font Info:    ... okay on input line 62.
LaTeX Font Info:    Checking defaults for OMS/cmsy/m/n on input line 62.
LaTeX Font Info:    ... okay on input line 62.
LaTeX Font Info:    Checking defaults for OMX/cmex/m/n on input line 62.
LaTeX Font Info:    ... okay on input line 62.
LaTeX Font Info:    Checking defaults for U/cmr/m/n on input line 62.
LaTeX Font Info:    ... okay on input line 62.
LaTeX Font Info:    Checking defaults for PD1/pdf/m/n on input line 62.
LaTeX Font Info:    ... okay on input line 62.
\AtBeginShipoutBox=\box48
Package hyperref Info: Link coloring OFF on input line 62.

("C:\Program Files\MiKTeX 2.9\tex/latex/hyperref\nameref.sty"
Package: nameref 2016/05/21 v2.44 Cross-referencing by name of section

("C:\Program Files\MiKTeX 2.9\tex/generic/oberdiek\gettitlestring.sty"
Package: gettitlestring 2016/05/16 v1.5 Cleanup title references (HO)
)
\c@section@level=\count170
)
LaTeX Info: Redefining \ref on input line 62.
LaTeX Info: Redefining \pageref on input line 62.
LaTeX Info: Redefining \nameref on input line 62.

(report.out) (report.out)
\@outlinefile=\write6
\openout6 = `report.out'.


("C:\Program Files\MiKTeX 2.9\tex/context/base/mkii\supp-pdf.mkii"
[Loading MPS to PDF converter (version 2006.09.02).]
\scratchcounter=\count171
\scratchdimen=\dimen189
\scratchbox=\box49
\nofMPsegments=\count172
\nofMParguments=\count173
\everyMPshowfont=\toks37
\MPscratchCnt=\count174
\MPscratchDim=\dimen190
\MPnumerator=\count175
\makeMPintoPDFobject=\count176
\everyMPtoPDFconversion=\toks38
) ("C:\Program Files\MiKTeX 2.9\tex/latex/oberdiek\epstopdf-base.sty"
Package: epstopdf-base 2016/05/15 v2.6 Base part for package epstopdf

("C:\Program Files\MiKTeX 2.9\tex/latex/oberdiek\grfext.sty"
Package: grfext 2016/05/16 v1.2 Manage graphics extensions (HO)
)
Package epstopdf-base Info: Redefining graphics rule for `.eps' on input line 4
38.
Package grfext Info: Graphics extension search list:
(grfext)             [.pdf,.png,.jpg,.mps,.jpeg,.jbig2,.jb2,.PDF,.PNG,.JPG,.JPE
G,.JBIG2,.JB2,.eps]
(grfext)             \AppendGraphicsExtensions on input line 456.
)
Package caption Info: Begin \AtBeginDocument code.
Package caption Info: End \AtBeginDocument code.

ABD: EveryShipout initializing macros
LaTeX Font Info:    Try loading font information for OMS+cmr on input line 69.

("C:\Program Files\MiKTeX 2.9\tex/latex/base\omscmr.fd"
File: omscmr.fd 2014/09/29 v2.5h Standard LaTeX font definitions
)
LaTeX Font Info:    Font shape `OMS/cmr/m/n' in size <10> not available
(Font)              Font shape `OMS/cmsy/m/n' tried instead on input line 69.
\openout4 = `report.pyg'.


(_minted-report/default-pyg-prefix.pygstyle) (_minted-report/colorful.pygstyle)

(_minted-report/E1A78E04A6AF3AD0B08D8AFDE709F230938C15273FFC38043D09768A5ACA281
0.pygtex)
\openout4 = `report.pyg'.


(_minted-report/68DBDEF282263B1A4426E293CAC4F415938C15273FFC38043D09768A5ACA281
0.pygtex)
\openout4 = `report.pyg'.


(_minted-report/EACAEF1EEA43467B9AA749704B23AEFD946033BA8BB7363DCDD207759FEA6A6
7.pygtex)
\openout4 = `report.pyg'.


(_minted-report/FAA732CF025A738FB994A5D2A4802C89946033BA8BB7363DCDD207759FEA6A6
7.pygtex
LaTeX Font Info:    Font shape `OT1/cmtt/bx/n' in size <10> not available
(Font)              Font shape `OT1/cmtt/m/n' tried instead on input line 2.
)
\openout4 = `report.pyg'.


(_minted-report/ACFA93943FE05EF6FCF813C47AEB0221946033BA8BB7363DCDD207759FEA6A6
7.pygtex)
\openout4 = `report.pyg'.


(_minted-report/F8AB8694C8355007E7BF89DEEB615953946033BA8BB7363DCDD207759FEA6A6
7.pygtex)
\openout4 = `report.pyg'.


(_minted-report/1E7187AAFA9FD4937549076572C49628946033BA8BB7363DCDD207759FEA6A6
7.pygtex)
\openout4 = `report.pyg'.


(_minted-report/1F2B1524AB681EFCE305525B3082EAF2946033BA8BB7363DCDD207759FEA6A6
7.pygtex)
\openout4 = `report.pyg'.


(_minted-report/9877927C1745320291DF6ACEA5C01795946033BA8BB7363DCDD207759FEA6A6
7.pygtex)
\openout4 = `report.pyg'.


(_minted-report/075E5080AA47BB9184C8C2322279F491946033BA8BB7363DCDD207759FEA6A6
7.pygtex)
\openout4 = `report.pyg'.


(_minted-report/D33437B56580E1FD263CC73435AE3B25946033BA8BB7363DCDD207759FEA6A6
7.pygtex)
\openout4 = `report.pyg'.


(_minted-report/B2ECFB0F5F7245A0BD66FA970CD1C684946033BA8BB7363DCDD207759FEA6A6
7.pygtex)
\openout4 = `report.pyg'.


(_minted-report/80BC30682500E9BA390F96469C5B1A69946033BA8BB7363DCDD207759FEA6A6
7.pygtex)
\openout4 = `report.pyg'.


(_minted-report/EC859DCF3B686E660B6C11F5E1BBA33C946033BA8BB7363DCDD207759FEA6A6
7.pygtex)
\openout4 = `report.pyg'.


(_minted-report/341251B61599DB49BD516C41CE1400B5946033BA8BB7363DCDD207759FEA6A6
7.pygtex)
\openout4 = `report.pyg'.


(_minted-report/CD744185F0924D10CB41296B64A8C298946033BA8BB7363DCDD207759FEA6A6
7.pygtex)
\openout4 = `report.pyg'.


(_minted-report/341251B61599DB49BD516C41CE1400B5946033BA8BB7363DCDD207759FEA6A6
7.pygtex)
\openout4 = `report.pyg'.


(_minted-report/CD744185F0924D10CB41296B64A8C298946033BA8BB7363DCDD207759FEA6A6
7.pygtex)
(_minted-report/F256E6C74BB9FF417E167D3792567E60F166EC9B9BB8238806406D3E7D2A55E
8.pygtex
LaTeX Font Info:    Font shape `OT1/cmtt/bx/n' in size <8> not available
(Font)              Font shape `OT1/cmtt/m/n' tried instead on input line 29.
)
Package hyperref Info: bookmark level for unknown listing defaults to 0 on inpu
t line 92.


LaTeX Warning: `!h' float specifier changed to `!ht'.

[1

{C:/Users/filip/AppData/Local/MiKTeX/2.9/pdftex/config/pdftex.map}]
\openout4 = `report.pyg'.


(_minted-report/230DF15133DE5AF6A42A5DB617D0FAF4946033BA8BB7363DCDD207759FEA6A6
7.pygtex)
\openout3 = `report.pyg'.


(_minted-report/6CAB50E5065FD054D975930964B78233720E1EB1B32FE48694DABEF6170097C
F.pygtex)
<../figs/lattice.pdf, id=71, 250.3964pt x 69.39153pt>
File: ../figs/lattice.pdf Graphic file (type pdf)
<use ../figs/lattice.pdf>
Package pdftex.def Info: ../figs/lattice.pdf  used on input line 110.
(pdftex.def)             Requested size: 250.39577pt x 69.39134pt.
 [2 <../figs/lattice.pdf>]
<../figs/both_lattices.pdf, id=95, 349.09058pt x 129.46034pt>
File: ../figs/both_lattices.pdf Graphic file (type pdf)
<use ../figs/both_lattices.pdf>
Package pdftex.def Info: ../figs/both_lattices.pdf  used on input line 125.
(pdftex.def)             Requested size: 310.4979pt x 115.15611pt.

(_minted-report/F256E6C74BB9FF417E167D3792567E60F166EC9B9BB8238806406D3E7D2A55E
8.pygtex)

LaTeX Warning: `!h' float specifier changed to `!ht'.


(_minted-report/F256E6C74BB9FF417E167D3792567E60F166EC9B9BB8238806406D3E7D2A55E
8.pygtex)

LaTeX Warning: `!h' float specifier changed to `!ht'.

\openout3 = `report.pyg'.


(_minted-report/F747D23D1006805547602E674989C82E938C15273FFC38043D09768A5ACA281
0.pygtex) [3 <../figs/both_lattices.pdf>]
\openout3 = `report.pyg'.


(_minted-report/5FBB7DF71DBCA0DD1BF7242EACED1E66938C15273FFC38043D09768A5ACA281
0.pygtex)
\openout4 = `report.pyg'.


(_minted-report/ACFA93943FE05EF6FCF813C47AEB0221938C15273FFC38043D09768A5ACA281
0.pygtex)
\openout4 = `report.pyg'.


(_minted-report/D7D6885106C12F5BA5085A469FB2B16E938C15273FFC38043D09768A5ACA281
0.pygtex)
\openout4 = `report.pyg'.


(_minted-report/631BAFC4F0A02FF645B058F4EB0C4CDB938C15273FFC38043D09768A5ACA281
0.pygtex [4])
\openout4 = `report.pyg'.


(_minted-report/3CF7F4C5E2BDE0F3EBBB114DE1D9198E938C15273FFC38043D09768A5ACA281
0.pygtex)
\openout3 = `report.pyg'.


(_minted-report/39392E73EC3BEAE2A6696D332B01FE77938C15273FFC38043D09768A5ACA281
0.pygtex)
\openout4 = `report.pyg'.


(_minted-report/0D7EAB4788A7D43A90DFBC845F7B4C42938C15273FFC38043D09768A5ACA281
0.pygtex)
\openout3 = `report.pyg'.


(_minted-report/40B69CEBF4B7156E0D1FE52E2ADEFDAD938C15273FFC38043D09768A5ACA281
0.pygtex)
\openout4 = `report.pyg'.


(_minted-report/47B409B5B8640FF80A9819033F3FAB6E938C15273FFC38043D09768A5ACA281
0.pygtex)
(_minted-report/F256E6C74BB9FF417E167D3792567E60F166EC9B9BB8238806406D3E7D2A55E
8.pygtex)
\openout4 = `report.pyg'.


(_minted-report/53CE760CD911DD230242DD112EF9813A938C15273FFC38043D09768A5ACA281
0.pygtex)
\openout4 = `report.pyg'.


(_minted-report/53CE760CD911DD230242DD112EF9813A938C15273FFC38043D09768A5ACA281
0.pygtex)
\openout4 = `report.pyg'.


(_minted-report/80BC30682500E9BA390F96469C5B1A69938C15273FFC38043D09768A5ACA281
0.pygtex)
\openout4 = `report.pyg'.


(_minted-report/A7F88DD8699EBBB7AE86CC7FCF2B1465938C15273FFC38043D09768A5ACA281
0.pygtex [5])
\openout4 = `report.pyg'.


(_minted-report/7B1FB640E6C68A406D39E3370990B937938C15273FFC38043D09768A5ACA281
0.pygtex)
\openout4 = `report.pyg'.


(_minted-report/76FE9534AD10A46DFC46DC61B7D4EEE5938C15273FFC38043D09768A5ACA281
0.pygtex)
(_minted-report/FA53AFCD71AAA00CBD42F5124887616E7A4B0EC50728320A78FD70F854FF902
5.pygtex)
\openout4 = `report.pyg'.


(_minted-report/7B1FB640E6C68A406D39E3370990B937938C15273FFC38043D09768A5ACA281
0.pygtex)
\openout4 = `report.pyg'.


(_minted-report/5C6982BB70ADF03C067F8292D27CD9B2938C15273FFC38043D09768A5ACA281
0.pygtex)
\openout4 = `report.pyg'.


(_minted-report/B7536D2FE5ACD9690A0D94D7786BCB87938C15273FFC38043D09768A5ACA281
0.pygtex)
\openout4 = `report.pyg'.


(_minted-report/7B1FB640E6C68A406D39E3370990B937938C15273FFC38043D09768A5ACA281
0.pygtex)
\openout4 = `report.pyg'.


(_minted-report/80BC30682500E9BA390F96469C5B1A69938C15273FFC38043D09768A5ACA281
0.pygtex)
\openout4 = `report.pyg'.


(_minted-report/7B1FB640E6C68A406D39E3370990B937938C15273FFC38043D09768A5ACA281
0.pygtex)
\openout4 = `report.pyg'.


(_minted-report/5C6982BB70ADF03C067F8292D27CD9B2938C15273FFC38043D09768A5ACA281
0.pygtex)
\openout4 = `report.pyg'.


(_minted-report/B7536D2FE5ACD9690A0D94D7786BCB87938C15273FFC38043D09768A5ACA281
0.pygtex)
\openout4 = `report.pyg'.


(_minted-report/7B1FB640E6C68A406D39E3370990B937938C15273FFC38043D09768A5ACA281
0.pygtex)
\openout4 = `report.pyg'.


(_minted-report/80BC30682500E9BA390F96469C5B1A69938C15273FFC38043D09768A5ACA281
0.pygtex)
\openout4 = `report.pyg'.


(_minted-report/7B1FB640E6C68A406D39E3370990B937938C15273FFC38043D09768A5ACA281
0.pygtex)
(_minted-report/FA53AFCD71AAA00CBD42F5124887616E7A4B0EC50728320A78FD70F854FF902
5.pygtex)
\openout4 = `report.pyg'.


(_minted-report/7B1FB640E6C68A406D39E3370990B937938C15273FFC38043D09768A5ACA281
0.pygtex)
\openout4 = `report.pyg'.


(_minted-report/7353A478BD7B17CA107066EBD888D06B938C15273FFC38043D09768A5ACA281
0.pygtex)
\openout4 = `report.pyg'.


(_minted-report/9750653BBE5DD495C517B37F18D64AA0938C15273FFC38043D09768A5ACA281
0.pygtex)
\openout4 = `report.pyg'.


(_minted-report/7B1FB640E6C68A406D39E3370990B937938C15273FFC38043D09768A5ACA281
0.pygtex)
\openout4 = `report.pyg'.


(_minted-report/7353A478BD7B17CA107066EBD888D06B938C15273FFC38043D09768A5ACA281
0.pygtex)
\openout4 = `report.pyg'.


(_minted-report/9750653BBE5DD495C517B37F18D64AA0938C15273FFC38043D09768A5ACA281
0.pygtex)

LaTeX Warning: `!h' float specifier changed to `!ht'.

\openout3 = `report.pyg'.


(_minted-report/FA060B8FBD15B9815E96EA64D08452C1720E1EB1B32FE48694DABEF6170097C
F.pygtex)
\openout4 = `report.pyg'.


(_minted-report/7B1FB640E6C68A406D39E3370990B937938C15273FFC38043D09768A5ACA281
0.pygtex)
\openout4 = `report.pyg'.


(_minted-report/37F324D088EB362A9737B83A42F6F992938C15273FFC38043D09768A5ACA281
0.pygtex)
\openout4 = `report.pyg'.


(_minted-report/669F00606176C765A3745685F8CC1E3C938C15273FFC38043D09768A5ACA281
0.pygtex)
\openout4 = `report.pyg'.


(_minted-report/9C2CC0456E68319DEA4D8208C70DD820938C15273FFC38043D09768A5ACA281
0.pygtex)
\openout4 = `report.pyg'.


(_minted-report/7B1FB640E6C68A406D39E3370990B937938C15273FFC38043D09768A5ACA281
0.pygtex)
\openout4 = `report.pyg'.


(_minted-report/37F324D088EB362A9737B83A42F6F992938C15273FFC38043D09768A5ACA281
0.pygtex)
\openout4 = `report.pyg'.


(_minted-report/669F00606176C765A3745685F8CC1E3C938C15273FFC38043D09768A5ACA281
0.pygtex)
\openout4 = `report.pyg'.


(_minted-report/9C2CC0456E68319DEA4D8208C70DD820938C15273FFC38043D09768A5ACA281
0.pygtex)

LaTeX Warning: `!h' float specifier changed to `!ht'.

[6]
\openout4 = `report.pyg'.


(_minted-report/9C2CC0456E68319DEA4D8208C70DD820938C15273FFC38043D09768A5ACA281
0.pygtex)
\openout3 = `report.pyg'.


(_minted-report/9B06C59E5E2DFFDE0FF1CA1B0143B686720E1EB1B32FE48694DABEF6170097C
F.pygtex)
\openout4 = `report.pyg'.


(_minted-report/7B1FB640E6C68A406D39E3370990B937938C15273FFC38043D09768A5ACA281
0.pygtex)
\openout4 = `report.pyg'.


(_minted-report/D05FE032BD4C5E38B032132CFB145161938C15273FFC38043D09768A5ACA281
0.pygtex)
\openout4 = `report.pyg'.


(_minted-report/144A7DA38C851D10FDBACEDE36F3316E938C15273FFC38043D09768A5ACA281
0.pygtex)
\openout4 = `report.pyg'.


(_minted-report/7B1FB640E6C68A406D39E3370990B937938C15273FFC38043D09768A5ACA281
0.pygtex)
\openout4 = `report.pyg'.


(_minted-report/341251B61599DB49BD516C41CE1400B5938C15273FFC38043D09768A5ACA281
0.pygtex)
\openout4 = `report.pyg'.


(_minted-report/7B1FB640E6C68A406D39E3370990B937938C15273FFC38043D09768A5ACA281
0.pygtex)
\openout4 = `report.pyg'.


(_minted-report/D05FE032BD4C5E38B032132CFB145161938C15273FFC38043D09768A5ACA281
0.pygtex)
\openout4 = `report.pyg'.


(_minted-report/144A7DA38C851D10FDBACEDE36F3316E938C15273FFC38043D09768A5ACA281
0.pygtex)
\openout4 = `report.pyg'.


(_minted-report/7B1FB640E6C68A406D39E3370990B937938C15273FFC38043D09768A5ACA281
0.pygtex)
\openout4 = `report.pyg'.


(_minted-report/341251B61599DB49BD516C41CE1400B5938C15273FFC38043D09768A5ACA281
0.pygtex)
Underfull \hbox (badness 1888) in paragraph at lines 273--273
[]\OT1/cmr/bx/n/9 Listing 8: |\OT1/cmr/m/n/9 Mem-ber func-tion of the class \OT
1/cmtt/m/n/9 Sites \OT1/cmr/m/n/9 that up-dates the
 []


LaTeX Warning: `!h' float specifier changed to `!ht'.

[7]
\openout4 = `report.pyg'.


(_minted-report/D1BFDD3F8099B435F2EF9167C91FD6D5938C15273FFC38043D09768A5ACA281
0.pygtex)
\openout4 = `report.pyg'.


(_minted-report/88633DC46753FA22C0A1173DC5CB39F5938C15273FFC38043D09768A5ACA281
0.pygtex)
(_minted-report/FA53AFCD71AAA00CBD42F5124887616E7A4B0EC50728320A78FD70F854FF902
5.pygtex)
\openout4 = `report.pyg'.


(_minted-report/7B1FB640E6C68A406D39E3370990B937938C15273FFC38043D09768A5ACA281
0.pygtex)
\openout4 = `report.pyg'.


(_minted-report/7B1FB640E6C68A406D39E3370990B937938C15273FFC38043D09768A5ACA281
0.pygtex)
<../figs/largest_cluster_L2000.png, id=161, 578.16pt x 361.35pt>
File: ../figs/largest_cluster_L2000.png Graphic file (type png)
<use ../figs/largest_cluster_L2000.png>
Package pdftex.def Info: ../figs/largest_cluster_L2000.png  used on input line 
291.
(pdftex.def)             Requested size: 345.0pt x 215.6207pt.
 [8]
\openout4 = `report.pyg'.


(_minted-report/9750653BBE5DD495C517B37F18D64AA0938C15273FFC38043D09768A5ACA281
0.pygtex)
\openout4 = `report.pyg'.


(_minted-report/9C2CC0456E68319DEA4D8208C70DD820938C15273FFC38043D09768A5ACA281
0.pygtex)
(_minted-report/FA53AFCD71AAA00CBD42F5124887616E7A4B0EC50728320A78FD70F854FF902
5.pygtex)
\openout4 = `report.pyg'.


(_minted-report/7B1FB640E6C68A406D39E3370990B937938C15273FFC38043D09768A5ACA281
0.pygtex)
\openout4 = `report.pyg'.


(_minted-report/7B1FB640E6C68A406D39E3370990B937938C15273FFC38043D09768A5ACA281
0.pygtex)

LaTeX Warning: `!h' float specifier changed to `!ht'.


(_minted-report/FA53AFCD71AAA00CBD42F5124887616E7A4B0EC50728320A78FD70F854FF902
5.pygtex)
\openout4 = `report.pyg'.


(_minted-report/7B1FB640E6C68A406D39E3370990B937938C15273FFC38043D09768A5ACA281
0.pygtex)
\openout4 = `report.pyg'.


(_minted-report/7B1FB640E6C68A406D39E3370990B937938C15273FFC38043D09768A5ACA281
0.pygtex)

LaTeX Warning: `!h' float specifier changed to `!ht'.

[9 <../figs/largest_cluster_L2000.png>]

LaTeX Warning: Text page 10 contains only floats.


Overfull \vbox (2.49928pt too high) has occurred while \output is active []


[10]
\openout4 = `report.pyg'.


(_minted-report/072EC9CB74B9C380E52A81806E965830938C15273FFC38043D09768A5ACA281
0.pygtex)
(_minted-report/282615DEAAA9BE94DB6EB4995D5200E5B0D58FCE127DFDB62C05B4314713198
6.pygtex)
\openout4 = `report.pyg'.


(_minted-report/460BA7E9646AEB765C7F0DA8A92F7D93938C15273FFC38043D09768A5ACA281
0.pygtex)
\openout4 = `report.pyg'.


(_minted-report/072EC9CB74B9C380E52A81806E965830938C15273FFC38043D09768A5ACA281
0.pygtex)
\openout4 = `report.pyg'.


(_minted-report/460BA7E9646AEB765C7F0DA8A92F7D93938C15273FFC38043D09768A5ACA281
0.pygtex)
\openout4 = `report.pyg'.


(_minted-report/072EC9CB74B9C380E52A81806E965830938C15273FFC38043D09768A5ACA281
0.pygtex)

LaTeX Warning: `!h' float specifier changed to `!ht'.


(_minted-report/CCFA96E97AD7B4D53149524C32952532F0F5164EB08503CF7B49C4E78C834AA
F.pygtex)
\openout4 = `report.pyg'.


(_minted-report/6F841933AD6B2D27DAE8640E34DCCEC9938C15273FFC38043D09768A5ACA281
0.pygtex)
\openout4 = `report.pyg'.


(_minted-report/6F841933AD6B2D27DAE8640E34DCCEC9938C15273FFC38043D09768A5ACA281
0.pygtex)

LaTeX Warning: `!h' float specifier changed to `!ht'.

\openout4 = `report.pyg'.


(_minted-report/072EC9CB74B9C380E52A81806E965830938C15273FFC38043D09768A5ACA281
0.pygtex) [11]
(_minted-report/D2E61A6BDD5BE9ED67B2A71E3DB8806E56ECF2A84ED0E2AA6355A0D29D06EFD
1.pygtex)

LaTeX Warning: `!h' float specifier changed to `!ht'.

[12]
\openout4 = `report.pyg'.


(_minted-report/BA13A32C18CB114F3CE3C210EF56386E938C15273FFC38043D09768A5ACA281
0.pygtex)
\openout4 = `report.pyg'.


(_minted-report/C620FD245132335104ED8496F566505A938C15273FFC38043D09768A5ACA281
0.pygtex)
\openout3 = `report.pyg'.


Overfull \hbox (19.79604pt too wide) in paragraph at lines 374--384
\OT1/cmr/m/n/10 age). This is done very con-ve-niently by us-ing the Ar-madillo
 class \OT1/cmtt/m/n/10 running_stat_vec\OT1/cmr/m/n/10 ,
 []


(_minted-report/85485F33D6E099F3B17BCE004F909817720E1EB1B32FE48694DABEF6170097C
F.pygtex)
Overfull \vbox (0.39944pt too high) detected at line 384
 []

[13]
<../figs/giant.png, id=234, 433.62pt x 289.08pt>
File: ../figs/giant.png Graphic file (type png)
<use ../figs/giant.png>
Package pdftex.def Info: ../figs/giant.png  used on input line 393.
(pdftex.def)             Requested size: 345.0pt x 230.01158pt.
<../figs/averageSize.png, id=235, 433.62pt x 289.08pt>
File: ../figs/averageSize.png Graphic file (type png)
<use ../figs/averageSize.png>
Package pdftex.def Info: ../figs/averageSize.png  used on input line 399.
(pdftex.def)             Requested size: 345.0pt x 230.01158pt.


LaTeX Warning: `h' float specifier changed to `ht'.

<../figs/susceptibility.png, id=236, 433.62pt x 289.08pt>
File: ../figs/susceptibility.png Graphic file (type png)
<use ../figs/susceptibility.png>
Package pdftex.def Info: ../figs/susceptibility.png  used on input line 405.
(pdftex.def)             Requested size: 345.0pt x 230.01158pt.

LaTeX Warning: `h' float specifier changed to `ht'.

[14 <../figs/giant.png>] [15 <../figs/averageSize.png> <../figs/susceptibility.
png>]
<../figs/rsquared.png, id=260, 423.0204pt x 277.2759pt>
File: ../figs/rsquared.png Graphic file (type png)
<use ../figs/rsquared.png>
Package pdftex.def Info: ../figs/rsquared.png  used on input line 418.
(pdftex.def)             Requested size: 345.0pt x 226.14497pt.
<../figs/giant_vs_xi.png, id=262, 422.2977pt x 277.2759pt>
File: ../figs/giant_vs_xi.png Graphic file (type png)
<use ../figs/giant_vs_xi.png>
Package pdftex.def Info: ../figs/giant_vs_xi.png  used on input line 425.
(pdftex.def)             Requested size: 345.0pt x 226.52998pt.


LaTeX Warning: `h' float specifier changed to `ht'.

<../figs/clustersize_vs_xi.png, id=264, 422.2977pt x 277.2759pt>
File: ../figs/clustersize_vs_xi.png Graphic file (type png)
<use ../figs/clustersize_vs_xi.png>
Package pdftex.def Info: ../figs/clustersize_vs_xi.png  used on input line 433.

(pdftex.def)             Requested size: 345.0pt x 226.52998pt.

LaTeX Warning: `h' float specifier changed to `ht'.

<../figs/qmax_vs_xi.png, id=266, 423.984pt x 277.2759pt>
File: ../figs/qmax_vs_xi.png Graphic file (type png)
<use ../figs/qmax_vs_xi.png>
Package pdftex.def Info: ../figs/qmax_vs_xi.png  used on input line 440.
(pdftex.def)             Requested size: 345.0pt x 225.6288pt.

LaTeX Warning: `h' float specifier changed to `ht'.

[16

 <../figs/rsquared.png>] [17 <../figs/giant_vs_xi.png>] [18 <../figs/clustersiz
e_vs_xi.png> <../figs/qmax_vs_xi.png>]
<../figs/dual_graph_honeycomb.pdf, id=295, 161.34329pt x 151.07715pt>
File: ../figs/dual_graph_honeycomb.pdf Graphic file (type pdf)
<use ../figs/dual_graph_honeycomb.pdf>
Package pdftex.def Info: ../figs/dual_graph_honeycomb.pdf  used on input line 5
00.
(pdftex.def)             Requested size: 158.70232pt x 148.61707pt.
<../figs/dual_graph_square.pdf, id=296, 90.3375pt x 90.3375pt>
File: ../figs/dual_graph_square.pdf Graphic file (type pdf)
<use ../figs/dual_graph_square.pdf>
Package pdftex.def Info: ../figs/dual_graph_square.pdf  used on input line 502.

(pdftex.def)             Requested size: 158.70232pt x 158.71739pt.
<../figs/triangular_rsquared.png, id=297, 350.7504pt x 277.2759pt>
File: ../figs/triangular_rsquared.png Graphic file (type png)
<use ../figs/triangular_rsquared.png>
Package pdftex.def Info: ../figs/triangular_rsquared.png  used on input line 51
1.
(pdftex.def)             Requested size: 169.0519pt x 133.64091pt.
<../figs/triangular_giant_vs_xi.png, id=298, 350.0277pt x 277.2759pt>
File: ../figs/triangular_giant_vs_xi.png Graphic file (type png)
<use ../figs/triangular_giant_vs_xi.png>
Package pdftex.def Info: ../figs/triangular_giant_vs_xi.png  used on input line
 517.
(pdftex.def)             Requested size: 169.0519pt x 133.91592pt.
<../figs/triangular_clustersize_vs_xi.png, id=299, 350.0277pt x 277.2759pt>
File: ../figs/triangular_clustersize_vs_xi.png Graphic file (type png)
<use ../figs/triangular_clustersize_vs_xi.png>
Package pdftex.def Info: ../figs/triangular_clustersize_vs_xi.png  used on inpu
t line 524.
(pdftex.def)             Requested size: 169.0519pt x 133.91592pt.
<../figs/triangular_qmax_vs_xi.png, id=300, 351.9549pt x 277.2759pt>
File: ../figs/triangular_qmax_vs_xi.png Graphic file (type png)
<use ../figs/triangular_qmax_vs_xi.png>
Package pdftex.def Info: ../figs/triangular_qmax_vs_xi.png  used on input line 
530.
(pdftex.def)             Requested size: 169.0519pt x 133.17975pt.


LaTeX Warning: `h' float specifier changed to `ht'.

<../figs/honeycomb_rsquared.png, id=301, 350.5095pt x 277.2759pt>
File: ../figs/honeycomb_rsquared.png Graphic file (type png)
<use ../figs/honeycomb_rsquared.png>
Package pdftex.def Info: ../figs/honeycomb_rsquared.png  used on input line 540
.
(pdftex.def)             Requested size: 169.0519pt x 133.73401pt.
<../figs/honeycomb_giant_vs_xi.png, id=302, 350.0277pt x 277.2759pt>
File: ../figs/honeycomb_giant_vs_xi.png Graphic file (type png)
<use ../figs/honeycomb_giant_vs_xi.png>
Package pdftex.def Info: ../figs/honeycomb_giant_vs_xi.png  used on input line 
546.
(pdftex.def)             Requested size: 169.0519pt x 133.91592pt.
<../figs/honeycomb_clustersize_vs_xi.png, id=303, 350.0277pt x 277.2759pt>
File: ../figs/honeycomb_clustersize_vs_xi.png Graphic file (type png)
<use ../figs/honeycomb_clustersize_vs_xi.png>
Package pdftex.def Info: ../figs/honeycomb_clustersize_vs_xi.png  used on input
 line 553.
(pdftex.def)             Requested size: 169.0519pt x 133.91592pt.
<../figs/honeycomb_qmax_vs_xi.png, id=304, 351.9549pt x 277.2759pt>
File: ../figs/honeycomb_qmax_vs_xi.png Graphic file (type png)
<use ../figs/honeycomb_qmax_vs_xi.png>
Package pdftex.def Info: ../figs/honeycomb_qmax_vs_xi.png  used on input line 5
59.
(pdftex.def)             Requested size: 169.0519pt x 133.17975pt.

LaTeX Warning: `h' float specifier changed to `ht'.

[19

 <../figs/dual_graph_honeycomb.pdf> <../figs/dual_graph_square.pdf

pdfTeX warning: pdflatex (file ../figs/dual_graph_square.pdf): PDF inclusion: m
ultiple pdfs with page group included in a single page
>] [20 <../figs/triangular_rsquared.png> <../figs/triangular_giant_vs_xi.png> <
../figs/triangular_clustersize_vs_xi.png> <../figs/triangular_qmax_vs_xi.png>]
[21 <../figs/honeycomb_rsquared.png> <../figs/honeycomb_giant_vs_xi.png> <../fi
gs/honeycomb_clustersize_vs_xi.png> <../figs/honeycomb_qmax_vs_xi.png>]
(_minted-report/26E3C98F4FC7D9839CCA4E196848EAD555F34B43F1FF7E8120596E433A4786E
7.pygtex)
(_minted-report/713197F9139A488EC02B1B9D8C2B058E7290A7CAF91FFDAF8222A90D34753F8
4.pygtex)
\openout4 = `report.pyg'.


(_minted-report/4B66BADB12CABDE612C14D9881C0ED6A938C15273FFC38043D09768A5ACA281
0.pygtex)
\openout4 = `report.pyg'.


(_minted-report/7F75DE8DCC261249250B71925F49810F938C15273FFC38043D09768A5ACA281
0.pygtex)
\openout4 = `report.pyg'.


(_minted-report/BA13A32C18CB114F3CE3C210EF56386E938C15273FFC38043D09768A5ACA281
0.pygtex)
\openout4 = `report.pyg'.


(_minted-report/4B66BADB12CABDE612C14D9881C0ED6A938C15273FFC38043D09768A5ACA281
0.pygtex)
\openout4 = `report.pyg'.


(_minted-report/7F75DE8DCC261249250B71925F49810F938C15273FFC38043D09768A5ACA281
0.pygtex)
\openout4 = `report.pyg'.


(_minted-report/BA13A32C18CB114F3CE3C210EF56386E938C15273FFC38043D09768A5ACA281
0.pygtex)
(_minted-report/D2E61A6BDD5BE9ED67B2A71E3DB8806E56ECF2A84ED0E2AA6355A0D29D06EFD
1.pygtex)
\openout4 = `report.pyg'.


(_minted-report/7F75DE8DCC261249250B71925F49810F938C15273FFC38043D09768A5ACA281
0.pygtex)
\openout4 = `report.pyg'.


(_minted-report/4B66BADB12CABDE612C14D9881C0ED6A938C15273FFC38043D09768A5ACA281
0.pygtex)
\openout4 = `report.pyg'.


(_minted-report/7F75DE8DCC261249250B71925F49810F938C15273FFC38043D09768A5ACA281
0.pygtex)
\openout4 = `report.pyg'.


(_minted-report/4B66BADB12CABDE612C14D9881C0ED6A938C15273FFC38043D09768A5ACA281
0.pygtex)

LaTeX Warning: `!h' float specifier changed to `!ht'.

[22

] [23]
Package atveryend Info: Empty hook `BeforeClearDocument' on input line 619.
 [24]
Package atveryend Info: Empty hook `AfterLastShipout' on input line 619.
 (report.aux)
Package atveryend Info: Executing hook `AtVeryEndDocument' on input line 619.
Package atveryend Info: Executing hook `AtEndAfterFileList' on input line 619.
Package rerunfilecheck Info: File `report.out' has not changed.
(rerunfilecheck)             Checksum: 97B4F0F4B3D84149B8E42C1328B2521A;207.
runsystem(del report.pyg)...executed.

 ) 
Here is how much of TeX's memory you used:
 23276 strings out of 492956
 484652 string characters out of 3135862
 590071 words of memory out of 3000000
 26360 multiletter control sequences out of 15000+200000
 11486 words of font info for 43 fonts, out of 3000000 for 9000
 1141 hyphenation exceptions out of 8191
 62i,12n,81p,1307b,755s stack positions out of 5000i,500n,10000p,200000b,50000s
<C:/Program Files/MiKTeX 2.9/fonts/type1/public/amsfonts/cm/cmbx12.pfb><C:/Pr
ogram Files/MiKTeX 2.9/fonts/type1/public/amsfonts/cm/cmbx8.pfb><C:/Program Fil
es/MiKTeX 2.9/fonts/type1/public/amsfonts/cm/cmbx9.pfb><C:/Program Files/MiKTeX
 2.9/fonts/type1/public/amsfonts/cm/cmex10.pfb><C:/Program Files/MiKTeX 2.9/fon
ts/type1/public/amsfonts/cmextra/cmex9.pfb><C:/Program Files/MiKTeX 2.9/fonts/t
ype1/public/amsfonts/cm/cmmi10.pfb><C:/Program Files/MiKTeX 2.9/fonts/type1/pub
lic/amsfonts/cm/cmmi5.pfb><C:/Program Files/MiKTeX 2.9/fonts/type1/public/amsfo
nts/cm/cmmi6.pfb><C:/Program Files/MiKTeX 2.9/fonts/type1/public/amsfonts/cm/cm
mi7.pfb><C:/Program Files/MiKTeX 2.9/fonts/type1/public/amsfonts/cm/cmmi9.pfb><
C:/Program Files/MiKTeX 2.9/fonts/type1/public/amsfonts/cm/cmr10.pfb><C:/Progra
m Files/MiKTeX 2.9/fonts/type1/public/amsfonts/cm/cmr12.pfb><C:/Program Files/M
iKTeX 2.9/fonts/type1/public/amsfonts/cm/cmr17.pfb><C:/Program Files/MiKTeX 2.9
/fonts/type1/public/amsfonts/cm/cmr6.pfb><C:/Program Files/MiKTeX 2.9/fonts/typ
e1/public/amsfonts/cm/cmr7.pfb><C:/Program Files/MiKTeX 2.9/fonts/type1/public/
amsfonts/cm/cmr8.pfb><C:/Program Files/MiKTeX 2.9/fonts/type1/public/amsfonts/c
m/cmr9.pfb><C:/Program Files/MiKTeX 2.9/fonts/type1/public/amsfonts/cm/cmsy10.p
fb><C:/Program Files/MiKTeX 2.9/fonts/type1/public/amsfonts/cm/cmsy5.pfb><C:/Pr
ogram Files/MiKTeX 2.9/fonts/type1/public/amsfonts/cm/cmsy6.pfb><C:/Program Fil
es/MiKTeX 2.9/fonts/type1/public/amsfonts/cm/cmsy7.pfb><C:/Program Files/MiKTeX
 2.9/fonts/type1/public/amsfonts/cm/cmsy9.pfb><C:/Program Files/MiKTeX 2.9/font
s/type1/public/amsfonts/cm/cmti10.pfb><C:/Program Files/MiKTeX 2.9/fonts/type1/
public/amsfonts/cm/cmtt10.pfb><C:/Program Files/MiKTeX 2.9/fonts/type1/public/a
msfonts/cm/cmtt8.pfb><C:/Program Files/MiKTeX 2.9/fonts/type1/public/amsfonts/c
m/cmtt9.pfb>
Output written on report.pdf (24 pages, 1898528 bytes).
PDF statistics:
 471 PDF objects out of 1000 (max. 8388607)
 92 named destinations out of 1000 (max. 500000)
 241 words of extra memory for PDF output out of 10000 (max. 10000000)

